<?xml version="1.0" encoding="UTF-8"?>
<!-- Generated by org.testng.reporters.JUnitReportReporter -->
<testsuite skipped="0" hostname="LAPTOP-U70BNK13" name="Runner.CreateLeadRunner" tests="3" failures="0" timestamp="2020-08-23T07:59:11 IST" time="40.763" errors="0">
  <testcase name="runScenario" time="12.089" classname="Runner.CreateLeadRunner"/>
  <testcase name="runScenario" time="13.458" classname="Runner.CreateLeadRunner"/>
  <testcase name="runScenario" time="15.216" classname="Runner.CreateLeadRunner"/>
</testsuite> <!-- Runner.CreateLeadRunner -->
